dxujtdmdxujtdmmnyznlmnyzdxunlmnyznluxdxuux
dyroiymybeaxeyubxzdr
bbioeebjaksdzsjzmvvyxzkmqqarhubnqtaadxgvwdbfqznzgdvxolmt
axcyaxcyminpaxminpszitaxminpzitaxzit
aedzhujjcekgpmbjektqimdtwopkayncoklkcyyfqebh
crmiccrmcrmiccrmcrmiccrmicmwpodocrmodosil
ehhsmhehhsmhihsmhixgehxgixgxnfc
gtkclmqgcagtqgcagtqgcagtqgcaqgcariwehfriwehf
egjgjnzdngnzdnujnzdngjujnzdnguj
afpjkzrdcglvqsidbporthqcrqtrrmfprtrarmefmfxcykyyxlruwr
bwjibwjibwjijp
cdiqsevaxdeyrxbkbxdyrbqrhhfmdmtpdofbcvxedernxq
fujvkgukjmokvzmzrodprjojpzbsroschpxugnefwlwpobp
dfgthxdfgthxqhxhxdfgtqhxqhxqqvthzvow
eokrqeokrqeokrqkrqusauweowzltgkrqzltg
dralemrspoeuswutihizqhtmpjsoieqpbdayaiflsujccnmumj
fbjbkcbtqmyrzwdyhvpojiirespzdfuxfhrqtdkoukbomypkffomylzbwqkbuu
ahkjjegzinwjuhtawmihwnnozzwtfsjtvnwtp
eavcqvveidqnarthtevhlpurmkfqnotpesgphnnlqtwyuhztvu
iwkflkiwkflkmlkmvlkvmvxmnz
