Case #1: 4523 4907 6714 5214 9734
Case #2: 9608 1092 4467 5968 7323
Case #3: 1 16 81 256 625
Case #4: 0 0 0 48
Case #5: 633 3835 4550 5740 9336
Case #6: 7908 5605 7691 3175 6326
Case #7: 904 3035 8119 3477 2563
Case #8: 2530 2527 486 9611 6171
Case #9: 1126 7179 4354 3503 3216
Case #10: 832 2220 10006 6617 1901
Case #11: 15 1032 7522 6864 253
Case #12: 5753 7410 7848 3938 5073
Case #13: 722 2356 5617 2868 8646
Case #14: 1085 2430 1673 7846 3610
Case #15: 337 3471 4040 4307 7585
Case #16: 5892 6162 4266 4713 7387
Case #17: 2013 7156 4586 7065 1649
Case #18: 1374 2291 8961 1245 6211
Case #19: 173 6920 7420 1023 5557
Case #20: 1 40 1089 4862 2326
Case #21: 968 783 8019 6585 759
Case #22: 7787 3252 2441 2729 5104
Case #23: 520 5714 2212 9075 9674
Case #24: 451 6900 8284 6043 5632
Case #25: 1515 9415 8034 2870 2189
Case #26: 1050 2134 5231 5793 5409
Case #27: 4102 8822 6049 2757 7387
Case #28: 1790 7748 6701 3585 8574
Case #29: 3479 8886 7517 5612 3146
Case #30: 8803 6176 9269 5161 1164
Case #31: 0 0 0 0 0
Case #32: 10 380 821 4117 191
Case #33: 59 2360 737 6308 7565
Case #34: 260 6000 1910 8641 1118
Case #35: 28 1120 3573 5199 9867
Case #36: 217 8680 166 7763 3904
Case #37: 8 176 2904 2556 5118
Case #38: 177 7080 2211 8915 2677
Case #39: 2532 5686 7995 4959 6593
Case #40: 8149 4232 4537 8661 1215
Case #41: 160 4227 9004 5650 1975
Case #42: 923 2883 6949 8859 671
Case #43: 885 3744 6233 374 5091
Case #44: 2 80 2400 3946 8569
Case #45: 415 7879 3250 5233 6278
Case #46: 180 7914 8615 6886 9163
Case #47: 812 8301 4092 3218 5213
Case #48: 3947 14 2183 1972 1153
Case #49: 5186 321 8172 5939 2232
Case #50: 276 5651 7860 2090 9126
Case #51: 362 3858 7269 3710 3694
Case #52: 0 0 0 0 0
Case #53: 968 1120 6590 9298 8440
Case #54: 2194 7959 1924 285 5126
Case #55: 1186 3266 322 2261 7273
Case #56: 6491 1995 8357 6074
Case #57: 2 4 6 8 10
Case #58: 1 4 9 16 25
Case #59: 273 5231 6278 6828 2859
Case #60: 6230 5118 1966 6725 8376
Case #61: 9543 1914 5456 3816 3982
Case #62: 5 200 6000 9865 6409
Case #63: 9442 7731 1224 504 4757
Case #64: 882 9070 6240 9586 2200
Case #65: 1918 1198 8565 7236 7302
Case #66: 1207 4224 8699 6085 7652
Case #67: 1358 1166 7157 9493 9201
Case #68: 125 1000 3375 8000 5616
Case #69: 0 0 0 0 0
Case #70: 2282 4128 2082 541 8161
Case #71: 4545 1577 3234 394 1013
Case #72: 2365 5464 7149 3812 8793
Case #73: 75 4590 2955 7459 637
Case #74: 8375 9160 7357 749 8953
Case #75: 4135 4539 620 4355 5352
Case #76: 3455 9456 5931 646 7024
Case #77: 5352 7201 1597 7456 4647
Case #78: 0 438 7576 5285 9775
Case #79: 498 8405 4637 8443 5846
Case #80: 658 9821 9849 5077 3529
Case #81: 4212 8478 202 45 7275
Case #82: 2
Case #83: 4207 8982 3475 5335 5718
Case #84: 0 0 0 0 0
Case #85: 170 931 8393 3557 8894
Case #86: 2896 6392 1972 4615 3616
Case #87: 4983 4815 8486 709 5529
Case #88: 2852 2610 7552 381 1072
Case #89: 0 0 0 0 0
Case #90: 1026 4881 3960 3361 6987
Case #91: 5046 6786 2224 8208 3765
Case #92: 3293 1012 8456 246 7028
Case #93: 2940 6930 707 659 6775
Case #94: 3571 2199 1182 6621 8386
Case #95: 5898 5208 5515 9141 1218
Case #96: 190 3033 4025 3592 1853
Case #97: 419 4122 4754 2019 7716
Case #98: 6100 3302 1772 3217 305
Case #99: 3943 7792 7866 5821 1758
Case #100: 12 96 576
