Case #1: Andriy Jan Lingjuan Wenjie Xiao Yingsheng
Case #2: Fabien Weiyan
Case #3: Philip Tom Wesley Zhen
Case #4: Atol Clifton Clifton Doan John John Purav Song
Case #5: Anshuman Manohar Meihong Nima
Case #6: Aleksandar Andras Anshuman Erling Manohar Xiao
Case #7: Aravind Mehdi Weiyan Xiao
Case #8: Doan Duc Gaurav John John Jordan Liang Rudradev Thomas Viswanath
Case #9: Aravind Ekansh
Case #10: Doan John
Case #11: Ahmed Anshuman Jan Ranjeeth
Case #12: Lingjuan Zejia
Case #13: Andras Anh Doan Lingjuan Meihong Saransh Torbjorn Vladislav Vladislav Yingsheng
Case #14: Fabien Kittipat Liang Paul
Case #15: Andrei Doan Ekansh Erling Fabien Zef
Case #16: Bhuwan Duc Fabien Meihong Vlad Wai
Case #17: Purav Slawek Wai Weiyan
Case #18: Anh Luiz Ranjeeth Roman Steaphan Weitao Weitao Zihing
Case #19: Anil Doan Duc Fabien Manohar Paul Rajat Yintao
Case #20: Chirag Viswanath
