Case #1: ZZZZZZZZZZZZZZZZZZZZZZZZZZZZZZZZZZZZZZZZZZZZZZZZZZ
Case #2: TORB
Case #3: UQRRQIVIOLKFCFF
Case #4: QBBSAQPSUYXJMUF
Case #5: JQSAAVLHAJSRXHHCL
Case #6: AFIEMVDZVDDWIRIR
Case #7: PWEOGBYEKFDCGE
Case #8: XXNAAEAXENEXXEEXENENAENXAEEAEXN
Case #9: BBISGCKTMDELIXE
Case #10: LDUNDNQXVNKNCQV
Case #11: HACKERCUPTEAM
Case #12: RKXRHRAAXXHAWOWWPAKHR
Case #13: DVEUKQQMVBMKWAKA
Case #14: HOBHIMLGGQINCCG
Case #15: GAFYTYAXPXUYYPGIV
Case #16: AAXOORSDIFRORTTATST
Case #17: UPNRNFRPDAVDWLNWN
Case #18: ACACCCBBCCCBBACBCAACCABCBCBABABCCABACBBA
Case #19: SJSUCSCLUB
Case #20: THE
