Case #1: [E, A]
Case #2: [R, I, R]
Case #3: [F, D, T]
Case #4: [Z, E, R, A]
Case #5: []
Case #6: [K]
Case #7: [T, A]
Case #8: [I, L, S, U, B, C]
Case #9: []
Case #10: [X, T, X, B, Y, U, T, E]
Case #11: []
Case #12: [B, V, Z, B, B, L]
Case #13: []
Case #14: [A, X, L]
Case #15: [P, U, I]
Case #16: [O, F]
Case #17: []
Case #18: [R]
Case #19: [C, K, J]
Case #20: [T, V, J, J, I, G, L, Y, Y, J, G, G, X, X, M, T, Z, L, P, T, J, I, K, P, J, M, U, V, U, G, O, T, I, J, U, U, K, K, I, O, X, T, J, J, L, K, V]
Case #21: []
Case #22: [Y, R]
Case #23: []
Case #24: [G, B, X, P, C, B, U, X]
Case #25: [W]
Case #26: [R]
Case #27: [E, D]
Case #28: [U, U, W, H, O, T, O, L, J, K]
Case #29: [U, H, U, K, K, M, B, U, Z, L, B, D, M, V]
Case #30: [F]
Case #31: [K, Q]
Case #32: [D, R, P, P, S]
Case #33: [O, G, N, F, G, W, G, Y, A, P, H, M, L, V]
Case #34: [A, O, Q, D]
Case #35: [H, C, F, Y, B, T, U, G, J, D, P, G, B, N, E, B, O, B, Z, O, P, M, K, P]
Case #36: [E, B, F]
Case #37: []
Case #38: [F]
Case #39: [H]
Case #40: [S, W, S, P]
Case #41: [I, F, S]
Case #42: [U]
Case #43: [C, V, S, G, M, M, W]
Case #44: []
Case #45: [I, A, Y, Y, H, D]
Case #46: [F]
Case #47: [S]
Case #48: [Q]
Case #49: [T, H, E, C, A, K, E, I, S, A, L, I, E]
Case #50: [Z, Z, Z, Z, Z]
Case #51: [W]
Case #52: [L, G, Z, I, Z, M, N, G, E, K, N, D]
Case #53: [P, H]
Case #54: [T, G, S, E]
Case #55: [Y, K]
Case #56: [K, C]
Case #57: [N, S]
Case #58: [K, I, N, W]
Case #59: []
Case #60: [D, E, A, F, D, E, A, R, S]
Case #61: [Z, Z, Z, Z, Z, Z, Z, Z, Z, Z, Z, Z, Z, Z, Z, Z, Z, Z, Z, Z, Z, Z, Z, Z, Z, Z, Z, Z, Z, Z, Z, Z, Z, Z, Z, Z, Z, Z, Z, Z, Z, Z, Z, Z, Z, Z, W]
Case #62: []
Case #63: [R]
Case #64: [M, R, M]
Case #65: []
Case #66: [B, E, U, N, E, T, O, D, R, I, N, K, Y, O, U, R, O, V, K, L, Q, I, N, E]
Case #67: [W, H, I, C, H, S, E, A, T, S, H, O, U, L, D, I, T, A, A, A, A, A, A, A, A, A, A, A, A, A, A, A, A, A, A, A, A, A, A, A, A, A, A, A, A, A, A, A, A, A, A, A, A, A, A, A, A, A, A, A, A, A, K, A, E]
Case #68: [N]
Case #69: []
Case #70: [Q]
Case #71: [V, S, A, L, U, K, W, S, R, X, U, P]
Case #72: [Q, L, Q, M, M, M, Q, O, C, I, L, K, K, R, B]
Case #73: [E, D]
Case #74: [M, P, X, O, C, H, U]
Case #75: [P, H, D]
Case #76: [O, H, E]
Case #77: [V, M, I, H, H, E]
Case #78: [Q, Q, W, E, R, G, D, F, S]
Case #79: [I, U, S, Z, X, U, R, J, A, T, L, W, D, W, Q, X, S, L, N, C, G, O, J, E, Q, P, X, L, O, K, T, Q, Y, D, D, H, Q, Q, G, R, P, G, V, C, U, D, S, U, Y, X]
Case #80: [Q, C, S]
Case #81: [Q]
Case #82: [S]
Case #83: [G, B]
Case #84: [I, O, V, R]
Case #85: [N, N, A, N, A, N, A, N, A, N, A, N, A, N, A, N, A, N, A, N, A, N, A, N, A, N, A, N, A, N, A, N, A, N, A, N, A, N, A, A, B, A, T, M, N, A]
Case #86: [Y, X, C, P, U, X]
Case #87: [S, I, R, G]
Case #88: []
Case #89: [P, R, X]
Case #90: []
Case #91: [N, J, A, K, L, K, W]
Case #92: [A, A, A, A, A, A, A, A, A, A]
Case #93: [Z]
Case #94: []
Case #95: [F]
Case #96: [M, T, P, Y, U, M, U, M, H, Y, T, T, N, N, P, U, H, M, J, P, O, C, H, P, Y, O, Y, Y, C, N, I, O, M, Y, C, T, M, Z, Y, M, P, P, P, M, L, N, T, S]
Case #97: [A, W, A, R, E, N, E, S, S]
Case #98: []
Case #99: [F, R, I, D, A, Y, F, R, I, D, A, Y, G, O, T, T, A, G, T, E, D, O, N, O, N, O, R, I, D, A, Y]
Case #100: []
