Case #1: [E, A]
Case #2: [R, I, R]
Case #3: [F, D, T]
Case #4: [Z, E, R, A]
Case #5: []
Case #6: [S, W, R, E, R, S, V]
Case #7: [A, W, A, R, E, N, E, S, S]
Case #8: [L, Q, E, L, R, R, Q, E]
Case #9: [A, E, F, W, A, E, F, D, J]
Case #10: [A, D, Q]
Case #11: []
Case #12: [F, Q, A, R, R, A, Q, L, S]
Case #13: [L, E, S, L, R, R, F, S]
Case #14: [S, S, A, D, I, A, Q, A, W]
Case #15: [S, Q, D, S, A]
Case #16: [F]
Case #17: [J, R, D, S]
Case #18: [F, S, E, U, E]
Case #19: [S, D, L, R, R, R, S, D, F]
Case #20: [D, S, F, G, W, S, Q, F, F]
Case #21: [S, A, Q, K, W, A, S, A, R]
Case #22: [M, E, W, F, E, Q, F, R, D]
Case #23: []
Case #24: [W, O]
Case #25: [W, W, W, A, Q, Y, F, Q, A]
Case #26: [F, W, R, U, S, R, S, A, S]
Case #27: [E, O, D, D, D, F, F, A, S]
Case #28: [X, S, D, S, D, R, S, F, Q]
Case #29: [S, W]
Case #30: [E, E]
Case #31: [A, A, A, A, A, A, A, A, A, A]
Case #32: [F]
Case #33: [S, Y, F, S, D, R, R, Q, E]
Case #34: [D, R, P, P, S]
Case #35: []
Case #36: [E, W, B, F, F, F, S, R, E]
Case #37: [A, O, S, Q]
Case #38: [D, N, F, E, D, E, S, S, D]
Case #39: [W, E, D, Q, A, E, Q, J, R]
Case #40: [E, F, W, B, S, R, W, E, W]
Case #41: [D, E, A, K, K, W, Q, S]
Case #42: [F, Q, S, R, F, R, F, V, D]
Case #43: [Q, Q, W, E, R, G, D, F, S]
Case #44: [Q, E, E, Q, N, Q, A, R, F]
Case #45: [D, Q, S, F, F, S, E, Q, X]
Case #46: [D, A, S, W]
Case #47: [D, D, A, V, R, E, D, R, R]
Case #48: [F, E, F, Q, W, S, F, G, R]
Case #49: [E, D]
Case #50: [W, S, S, S, R]
Case #51: [Q, W, Q, A, S, B, D, W, Q]
Case #52: [Q, D, D, Q]
Case #53: [P, A, A, A, S, W, S, S, S]
Case #54: [Q, F, C, A, E, D, C, D]
Case #55: [D, W, A, T]
Case #56: [S, R, W, K, W, S]
Case #57: [F, M, W, W, W, A, W, M]
Case #58: [Z, Z, Z, Z, Z]
Case #59: [N, N, W, W, W, F, S, E]
Case #60: [H]
Case #61: [F, A, A, S, F, F]
Case #62: [S, R, E, S, S]
Case #63: [A, S, E, O, D, A, E, Q, R]
Case #64: [A, Q, B, E, S, E, R, Q, S]
Case #65: [J, Q, A, D]
Case #66: [F, N, E, D, N, Q, F, R]
Case #67: [A, I, D, D, W, D]
Case #68: [G, W, Q, W, F, E, S, Q, E]
Case #69: [R, R, A, Q, E]
Case #70: [A, R, A]
Case #71: [A, O]
Case #72: []
Case #73: [D, W, A, D, E, C, D, W, W]
Case #74: [E, F, W, O, A]
Case #75: [F]
Case #76: [C, E, A]
Case #77: [D, F, M, E, S, S, M, F]
Case #78: [S, K, E, Q, A, S, D, E, A]
Case #79: [Q, D, E, L, F, W, Q, D, A]
Case #80: [E, L, A, W, E, L, A, A]
Case #81: [E, W, N, S]
Case #82: []
Case #83: [W, E, W, Q, Q, N, W, F, A]
Case #84: [W, F, G, W, E, G, R, R]
Case #85: [W, E, R, A, R, R, E, R, Z]
Case #86: []
Case #87: [D, R, A, W, R, F, D, H, E]
Case #88: [A, R, F]
Case #89: [E, E, S, A, J, J, Q, F]
Case #90: [W, A, Y, A, E, Q, W, A, Q]
Case #91: [F, D, H, S]
Case #92: [R, R, F, I]
Case #93: [W, D, S]
Case #94: [R, A]
Case #95: [Y]
Case #96: [D, E, A, F, D, E, A, R, S]
Case #97: [A, E, H]
Case #98: [R, A, R, Q, H, W]
Case #99: [R, D, W, G, W, R, R, Q, D]
Case #100: [Y, E, A]
