Case #1:
a a a a a a
a a a a a a
a a a a a a
a a a a a a
a a a a a a
a a a a a a
a a a a a a
a a a a a a
a a a a a a
a a a a a a
a a a a a a
a a a a a a
a a b b a a
b b b b b b
b b b b b b
b b b b b b
b b b b b b
Case #2:
a a a a
Case #3:
a a b b b c c d d d e e e f f
a a g b b c c c d h e e e i f
g g g b b c c c c h e e e i i
g g g b b b b b b e e e e i i
g g g b b b j j k e e e e e l
m g g b b b j j j n e l l l l
m g g g b b j j j j l l l l l
g g g o o o o o o o l l l l l
Case #4:
a a a
b b b
Case #5:
a
Case #6:
a a a a a a a b b b b b b b b b b c c c c c c c c c c c c c c c c c c c c d d d d e e e e e e e e f f f f f f f f f f f g g g g g g g g g g g g g
a a a a a a a b b b b b b b b b b c c c c c c c c c c c c c c c c c c c c d d d d e e e e e e e e f f f f f f f f f f f f g g g g g g g g g g g g
Case #7:
a
b
b
b
b
b
b
b
b
b
b
c
c
c
d
d
d
e
e
e
e
e
e
Case #8:
a b b b b b b
c b b b b b d
c c b b b b d
Case #9:
a a a b b b c c c c c c d d d d
Case #10:
a a a a a a a a a b b c c c c d d d d e e f f f f f f g g h h h i i i i j j j k k
a a a a a a a a a l c c c c d d d d d e e f f f f f f f f h h i i i i i i j m k k
Case #11:
a a b b b b c c c c d d
b b b b b b e e e d d d
b b b b b b e e e d d d
b b b b b e e e f f f f
b b b b e e e e f f f f
b b b g g g e e f f f f
b h h h h h h h h h f f
Case #12:
a a a a a
b c a a d
b b d d d
b e f d d
g f f f d
Case #13:
a b b c c d d d d
a a b c c d d d d
Case #14:
a a a a a a a a a b b b
c a a a a a a a b b b b
c c a a a a a a b b b b
c c a a a a a a b b b b
c c a a a a a a b b b b
c c a a a a a a b b b b
c a a a a a a a b d d b
c a a a a a a d d d d d
e a e e e d d d d d d d
e e e e e d d d d d d d
e e e e e d d d d d d d
e e e e f d d d d d d d
e e e f f d d d d d d d
e e f f f d d d d d d g
e e f f f d d d d h h g
e e e f f f f d d h h h
e e e f f f f d d h h h
e f f f f f f d h h h h
f f f f f f f d h h h h
f f f f f f f d h h h h
Case #15:
a a a a a a b c d d e e f f f f g g g g h h h h h h
i a a a a a c c d d d e e f f f g g g g h h h h h h
Case #16:
a a a a a a b b b
a a a a a a b b b
Case #17:
a a a a a b b b b b b
a a a a a a b b b b b
a a c c c c b d d d d
a a c c c e d d d d d
e e e e e e e d e e e
e e e e e e e e e e e
e e e e e e e e e e e
f e e e e e e e e e e
f e e e e e e e e e e
f f f e e e e e e e e
f f f f f e e e e e e
f f f f f g g e e e e
f f f f f g h h h h i
f f f f f f h h h h i
f f f f f f f h h h i
f f f f j j j i i i i
f f f f j j j i i i i
f f f f j j k k i i i
f f f j j k k k i i i
f f j j k k k k k i i
f f j j k i i i i i i
j j j j l i i i i i i
m m n n l l l l l i i
m m n n o o l l l i i
p m n n o o o l l i i
p m n n n o l l l i i
p p n n n n q l l r r
s s s s s q q q r r r
s s s s s q q q q q r
s s s s s s q q q q q
s s s s s q q q q q q
s s s s s q q t t t t
Case #18:
a a a
a a b
b b b
b b b
Case #19:
a a
b a
b a
Case #20:
a a a a a a a a a b
Case #21:
a a
a a
a a
a a
a a
a a
a a
a b
b b
b b
b b
b b
c b
c c
c c
c c
c c
c c
c c
c c
d d
d d
d d
d d
d d
d d
d d
d d
d d
e e
e e
e e
e e
e e
e f
f f
f f
f f
f f
f f
f f
f g
g g
g g
g g
g g
g g
h i
h i
h h
h h
j j
j j
j j
k l
k k
k k
k k
k k
Case #22:
a a a a a b b c c c c d d d
Case #23:
a
a
a
a
a
a
b
b
b
b
b
b
b
b
Case #24:
a
a
a
a
a
a
a
a
a
a
a
a
a
a
a
a
b
b
b
b
b
b
c
c
c
c
c
c
c
c
c
d
e
e
e
e
e
e
e
e
e
e
e
f
f
f
f
f
f
f
f
f
f
Case #25:
a b b c c c d d d d e e f g h h h h i
a a c c c c j d d e e e e g h h h h k
a c c c c c j l l l e e m m h h h k k
a a c c c c c l l l n m m m m o k k k
a a c c c c c c l n n m m m m o k k k
a a c c c c c c p p n m m m m o k k k
Case #26:
a
a
Case #27:
a
a
a
Case #28:
a a a a a
b c a a d
b b b d d
b e f d d
g f f f d
Case #29:
a a
a a
a a
a a
a a
a a
a a
b b
b b
b b
b b
b b
b b
b b
b b
b b
b b
c b
c c
c c
c c
c c
c c
c c
c c
c c
c c
c c
c c
c c
Case #30:
a a a b b b b b b b b b b b b c c c c d d e e e e e f g g g h h h h i i
a a a b b b b b b b b b b b b b b d d d d e e e e f f f g h h h h h i i
a a a b b b b b b b b b b b b b b d d d e e e e e f f f f h h h h h h i
a a a a b b b b b b b b b b b b b d d d e e e e e e f f f h h h h h h i
a a a a a b b b b b b b b b b b b d d d e e e e e e e e h h h h h h h h
Case #31:
a a a a b b c c c
a a a a b c c c c
a a a d d c c c e
f g g d d d c e e
g g g d d d e e e
g g g g d d d e e
g g g d d d d e e
Case #32:
a a a a a a a a a a a
a a a a a a a a a b b
a a a a a a a a a b b
a a a a a a a a a a b
a a a a a a a a a a b
a a a a a a a a a a b
a a a a a a a a a a b
a a a a a a a a a b b
a a a a a a a a b b b
a a a a a a a b b b b
c a a a a a b b b b b
c c c c c c b b b b b
c c c c c c b b b b b
c c c c c c c b b b b
c c c c c c c b b b b
c c c c c c c c b b b
c c c c c c c c b b b
c c c c c c c c c c c
c c c c c c c c c c c
c c c c c c c c c c c
c c c c c c c c c c c
Case #33:
a
a
b
c
c
c
c
c
c
c
Case #34:
a a a b b b b c c c c d d
Case #35:
a a a a a a a a a b
a a a a a a a a a b
a a a a a a a a b b
a a a a a a b b b b
a a a a a a b b b b
a a a a a a b b b b
a a a a a a b b b b
a a a a a a a b b b
a a a a a a a a b b
Case #36:
a a a
a a a
a a a
a a a
a b b
a b b
b b b
b b b
b b b
b b b
c c b
c c c
c c c
c c c
c c c
d d d
d d d
d d d
d d d
Case #37:
a a a a b b b b b c c c d d d d d d d e e e f g g g g g h i i j j j j j j k k k k l l l l l
a a a a b b b b b b c m m d d d d d e e e e e g g g h h h i i i j j j j j k k k k n l l l l
a a a a b b b b b b m m m d d d d d e e e e g g g h h h h h i i i o j j j k k k k n l l l l
Case #38:
a a a a a a b c d d d d d
e e f g g h c c c c d d d
e e g g g g c c c c c i i
e e e g g c c c c c c i i
e e e g g g c c c c i i i
Case #39:
a b b
a a b
a a a
Case #40:
a b b
Case #41:
a a a a
a a a a
Case #42:
a a b b b c c c
Case #43:
a a b b b c d d d
Case #44:
a a a a a
a a a a a
b a a a a
b a a a a
c c c c c
c c c c d
c c c c c
c c c c c
c c c c c
c c c e c
e e e e e
e e e e e
e e e e e
e e e e e
e e e e e
e e e e e
e e e e e
e e e e f
e e e f f
g g f f f
g g f f f
g g f f f
g g g f f
g g g g g
g g g g g
g g g g g
g g g g g
g g g g g
g g g g g
h h g g g
h h h h i
h h h i i
h h h i j
j j j j j
j j j j j
j j j j j
j j j j j
j j j j j
j j j j j
j j j j j
k k k k k
l l k k k
l l l k k
l l l m m
n l m m n
n n n n n
n n n n n
o n n n n
o n n n n
o o n n n
o o n n n
o p p p p
o p p p p
o p p p p
q q r p p
q q q q p
q q q s s
q q q s s
s s s s s
s s s s s
s s s s s
s s s s s
s s s s s
t t s s s
Case #45:
a b b b b
a a b b b
a a b b b
a a b b b
a a b b b
a a a a a
a a a a a
a a a a a
a a a a a
a a a a a
a a a a a
a a a a a
a a a a a
a a a a a
a a a a a
a a a a a
a a a a a
a a a a a
a a a a a
a a a a a
a a a a a
a a a a a
a a a a a
a a a a a
a a a a a
a a a a a
a a a a a
a a a a a
Case #46:
a a a b c c c d e e e e e f f f
a a a b c c c e e e e e f f f f
Case #47:
a a
b a
c c
c c
c c
c c
d d
d d
d d
d d
d e
e e
e e
e e
f f
f g
g g
g g
g g
g g
g g
h g
h i
h i
i i
i i
j j
k k
k k
k k
k k
l m
l m
l m
l l
l l
l l
n n
n n
n n
n n
n n
n n
o o
o o
o o
o o
Case #48:
a a a a a b b b c c c c d d d d e e e e e f f f f
Case #49:
a a a a a
a a b b a
a b b b a
a b b b a
a a a a a
Case #50:
a a a b b c d d d d d d e e e f f g g h h h i i i i i i i
a a a a a c c d d d d d e e e f f j g h h h i i i i i i k
a a a a a c c d d d d d e e e e f f f h h h i i i i i k k
Case #51:
a
a
a
b
b
b
b
b
b
c
c
c
d
d
d
d
Case #52:
a a a b b b b b b c c c c c d d d d e e e e e e e e e f f f g h h h h h h h h h h h
Case #53:
a b b b b b b b b c c c d d d e e e e e e
a a f f b b b b b c c c d d e e e e e e e
a f f f f b b b b c g h h d e e e e e e e
f f f f f b b b i i h h h h e e e e e e e
f f f f f f b i i i i h h h h h j k k k k
Case #54:
a a a a a a a b b b b b c c c d d d d d d d d d e e e e e e e f f f f f f f f f f f f g
a a a a a a a b b b b b c c c d d d d d d d h h h h e e e e e f f f f f f f f f f f f g
a a a a a a b b b b b b c c c d d d d d d d d d h h h e e e e f f f f f f f f f f f f g
Case #55:
a a a a b b b c c c d d d d e e e e e f f g g g g
Case #56:
a a a b b b c
a a a a a a c
a a d d e e f
a d d d f f f
g f f f f f f
g g h h h f f
g g g i i i f
g g g i i i i
g g g i i i i
g g j k i i l
g g k k k l l
m m m k l l l
Case #57:
a
a
b
b
b
b
c
d
d
d
d
e
e
f
f
f
f
f
g
g
g
g
g
h
h
h
h
i
i
i
i
i
i
i
i
i
i
Case #58:
a a a a
b a a a
b b b b
b b b b
b b b c
b b c c
b b c c
b b d d
d d d d
Case #59:
a a b b b b b
a a a c c b b
Case #60:
a a a a
b b a a
b b a a
b b b b
b b b b
b b b b
b b b b
c c b b
d d d b
d d d d
d d d d
d d d e
d e e e
e e e e
e e e e
e f f f
f f f f
f f f f
g g g g
g g g g
g g g g
g g g g
g g g g
h h h g
h h h h
h h h h
h h i j
k k j j
k j j j
j j j j
Case #61:
a a a a a b b b b b b b b
a a a a a a c c b b b b b
c c c c c c c c b b b b b
c c c c c c c c b b b b b
c c c c c c c c b b b b b
c c c c c c c c b b b b b
Case #62:
a a a a a b b b b b b b c c c c c c d d d d e e f f f f g g g g g g g h h i i i i i i i i i j j j
a a a a a b b b b b b b c c c c c c c d d d e f f f f f f g g g k k g h h h h h h i i i i j j j j
Case #63:
a
a
Case #64:
a
a
a
a
a
a
a
a
a
a
a
a
a
a
a
a
a
a
a
a
a
a
a
a
a
a
a
a
a
a
a
a
a
a
a
a
a
a
b
b
b
b
b
b
b
b
b
b
b
b
b
b
b
b
b
b
b
b
b
b
b
b
b
b
b
b
b
b
b
b
b
Case #65:
a a b b
a a a b
a a a c
a a c c
d d c c
d d d e
d f e e
f f f f
Case #66:
a a a a a a a a a a a a a a a a a a a a a a a a a a a a a a a a a a a a b b b b b b b b b b c c c c c c c c c c c c c c c c c c c c c c d d d d d d d d d d d d d d d d d d d d d d d d d d d d d e e e
a a a a a a a a a a a a a a a a a a a a a a a a a a a f f a a a f f f b b b b b b b b b b b c c c c c c c c c c c c c c c c c c c c c c d d d d d d d d d d d d d d d d d d d d d d d d d d d d d e e e
a a a a a a a a a a a a a a a a a f f f f f f f f f f f f f f f f f f b b b b b b b b b b b b c c c c c c c c c c c c c c c c c c c c c d d d d d d d d d d d d d d d d d d d d d d d d d d d d d e e e
a a a a a a a a a f f f f f f f f f f f f f f f f f f f f f f f f f f b b b b b b b b b b b b b c c c c c c c c c c c c c c c c c c c c d d d d d d d d d d d d d d d d d d d d d d d d d d d d d e e e
g g g a a a a a a f f f f f f f f f f f f f f f f f f f f f f f f f f b b b b b b b b b b b b b c c c c c c c c c c c c c c c c c c c c d d d d d d d d d d d d d d d d d d d d d d d d d d d d d e e e
g g g g g a a a a f f f f f f f f f f f f f f f f f f f f f f f f f b b b b b b b b b b b b b c c c c c c c c c c c c c c c c c c c c c d d d d d d d d d d d d d d d d d d d d d d d d d d d d e e e e
g g g g g g a a f f f f f f f f f f f f f f f f f f f f f f f f b b b b b b b b b b b b b b b b b c c c c c c c c c c c c c c c c c c c d d d d d d d d d d d d d d d d d d d d d d d d d d d e e e e e
g g g g g g a f f f f f f f f f f f f f f f f f f f f f f f f f b b b b b b b b b b b b b b b b b c c c c c c c c c c c c c c c c c c c d d d d d d d d d d d d d d d d d d d d d d d d d d d e e e e e
g g g g g g g f f f f f f f f f f f f f f f f f f f f f f f f f b b b b b b b b b b b b b b b b b c c c c c c c c c c c c c c c c c c d d d d d d d d d d d d d d d d d d d d d d d d d d d d e e e e e
g g g g g g g g g g g f f f f f f f f f f f f f f f f f f f f f b b b b b b b b b b b b b b b b b b c c c c c c c c c c c c c c c c c d d d d d d d d d d d d d d d d d d d d d d d d d d d d e e e e e
g g g g g g g g g g g g f f f f f f f f f f f f f f f f f f f f b b b b b b b b b b b b b b b b b b c c c c c c c c c c c c c c c h d d d d d d d d d d d d d d d d d d d d d d d d d d d d d e e e e e
g g g g g g g g g g g g g g g f f f f f f f f f f f f f f f f f b b b b b b b b b b b b b b b b b b c c c c c c c c c c c c c c c h d d d d d d d d d d d d d d d d d d d d d d d d d d d d i e e e e e
g g g g g g g g g g g g g g g f f f f f f f f f f f f f f f f f b b b b b b b b b b b b b b b b b b c c c c c c c c c c c c c c c h h d d d d d d d d d d d d d d d d d d d d d d d d d d i i i e e e e
g g g g g g g g g g g g g g g f f f f f f f f f f f f f f f f f b b b b b b b b b b b b b b b b b b c c c c c c c c c c c c c c c h h d d d d d d d d d d d d d d d d d d d d d d d d i i i i i i e e e
g g g g g g g g g g g g g g g f f f f f f f f f f f f f f f f f b b b b b b b b b b b b b b b b b b c c c c c c c c c c c h h c h h h d d d d d d d d d d d d d d d d d d d d d d d i i i i i i i e e e
g g g g g g g g g g g g g g g g f f f f f f f f f f f f f f f f b b b b b b b b b b b b b b b b b b c c c c c c c c c c c h h h h h h d d d d d d d d d d d d d d d d d d d d d d d i i i i i i i i e e
g g g g g g g g g g g g g g g g f f f f f f f f f f f f f f j j b b b b b b b b b b b b b b b b b b c c c c c c c c c c h h h h h h h h d d d d d d d d d d d d d d d d d d d d d d i i i i i i i i e e
g g g g g g g g g g g g g g g g f f f f f f f f f f f f f f j j j b b b b b b b b b b b b b b b b c c c c c c c c c c h h h h h h h h h h d d d d d d d d d d d d d d d d d d d d d i i i i i i i e e e
g g g g g g g g g g g g g g g g k f f f f f f f f f f f f j j j j j b b b b b b b b b b b b b b c c c c c c c c c c h h h h h h h h h h h d d d d d d d d d d d d d d d d d d d d d d i i i i i e e e e
g g g g g g g g g g g g g g g k k k f f f f f f f f f f j j j j j j b b b b b b b b b b b b b b c c c c c c c c c h h h h h h h h h h h h h d d d d d d d d d d d d d d d d d d d d i i i i i i e e e e
g g g g g g g g g g g g g g k k k k k f f f f f f j j j j j j j j j j b b b b b b b b b b b b b c c c c c c c c c h h h h h h h h h h h h h d d d d d d d d d d d d d d d d d d d i i i i i i e e e e e
g g g g g g k k g g g k k k k k k k k k f f j j j j j j j j j j j j b b b b b b b b b b b b b b c c c c c c c c h h h h h h h h h h h h h h d d d d d d d d d d d d d d d d i i i i i i i i i e e e e e
g g g g g k k k k k k k k k k k k k k k k j j j j j j j j j j j j j j b b b b b b b b b b b b b l l c c c c c h h h h h h h h h h h h h h h h d d d d d d d d d d d d d d i i i i i i i i i i e e e e e
g g g g k k k k k k k k k k k k k k k k k j j j j j j j j j j j j j j j b b b b b b b l b b b l l l l l l c c h h h h h h h h h h h h h h h h d d d d d d d d d d d d d i i i i i i i i i i i e e e e e
g k k k k k k k k k k k k k k k k k k k k j j j j j j j j j j j j j j j j b b b b b l l l l l l l l l l l l h h h h h h h h h h h h h h h h h d d d d d d d d d d d d i i i i i i i i i i i i e e e e e
k k k k k k k k k k k k k k k k k k k k k j j j j j j j j j j j j j j j j j b l l b l l l l l l l l l l l l h h h h h h h h h h h h h h h h h d d d d d d d d d d d i i i i i i i i i i i i e e e e e e
k k k k k k k k k k k k k k k k k k k m m m j j j j j j j j j j j j j j j j l l l l l l l l l l l l l l l l h h h h h h h h h h h h h h h h h h h d d d d d d d d i i i i i i i i i i i i i e e e e e e
k k k k k k k k k k k k k k k k k m m m m m m j j j j j j j j j j j j j j j j l l l l l l l l l l l l l l l h h h h h h h h h h h h h h h h h h h h d d d d d d d i i i i i i i i i i i i i e e e e e e
k k k k k k k k k k k k k k k k m m m m m m m m j j j j j j j j j j j j j j l l l l l l l l l l l l l l l l l h h h h h h h h h h h h h h h h h h h d d d d d d i i i i i i i i i i i i i i e e e e e e
k k k k k k k k k k k k k k k k m m m m m m m m j j j j j j j j j j j j j j l l l l l l l l l l l l l l l l l l h h h h h h h h h h h h h h h h h h d d d d i i i i i i i i i i i i i i i e e e e e e e
k k k k k k k k k k k k k k k m m m m m m m m j j j j j j j j j j j j j j j l l l l l l l l l l l l l l l l l l l h h h h h h h h h h h h h h h h h d d d i i i i i i i i i i i i i i i i e e e e e e e
k k k k k k k k k k k k k n n n m m m m m m m j j j j j j j j j j j j j j j l l l l l l l l l l l l l l l l l l h h h h h h h h h h h h h h h h h h i i i i i i i i i i i i i i i i i i e e e e e e e e
k k k k k k k k k k k k n n n n m m m m m m m j j j j j j j j j j j j j j j l l l l l l l l l l l l l l l l l l l h h h h h h h h h h h h h h h h h i i i i i i i i i i i i i i i i i e e e e e e e e e
k k k k k k k k k k n n n n n n m m m m m m m j j j j j j j j j j j j j j j j l l l l l l l l l l l l l l l l l l h h h h h h h h h h h h h h h h i i i i i i i i i i i i i i i i i i e e e e e e e e e
k k k k k k k k k n n n n n n n n n m m m m m j j j j j j j j j j j j j j j j l l l l l l l l l l l l l l l l l l l h h h h h h h h h h h h h h h i i i i i i i i i i i i i i i i i e e e e e e e e e e
k k k k k k k k n n n n n n n n n n m m m m m m j j j j j j j j j j j j j j l l l l l l l l l l l l l l l l l l l h h h h h h h h h h h h h h h h i i i i i i i i i i i i i i i i i e e e e e e e e e e
k k k k k k k n n n n n n n n n n n m m m m m m m j j j j j j j j j j j j j l l l l l l l l l l l l l l l l l l l h h h h h h h h h h h h h h h h i i i i i i o o i i i i i i i i e e e e e e e e e e e
k k k k k k k n n n n n n n n n n m m m m m m m m m m j j j j j j j j j j j l l l l l l l l l l l l l l l l l l l h h h h h h h h h h h h h h h h i i i i i o o o o i i i i i i i i e e e e e e e e e e
k k k k k k k n n n n n n n n n n m m m m m m m m m m m j j j j j j j j j j l l l l l l l l l l l l l l l l l l l h h h h h h h h h h h h h h h h o i o o o o o o o o i i i i i i e e e e e e e e e e e
k k k k k k k n n n n n n n n n m m m m m m m m m m m m m m m m m j j j j j l l l l l l l l l l l l l l l l l l l h h h h h h h h h h h h h h o o o o o o o o o o o o o o o i i i e e e e e e e e e e e
k k k k k k k n n n n n n n n m m m m m m m m m m m m m m m m m m j j j j j l l l l l l l l l l l l l l l l l l l h h h h h h h h h h h h h o o o o o o o o o o o o o o o o o i o o e e e e e e e e e e
k k k k k k n n n n n n n n n m m m m m m m m m m m m m m m m m m j j j j j j l l l l l l l l l l l l l l l l l l l l h h h h h h h h h h h o o o o o o o o o o o o o o o o o o o o o o o e e e e e e e
k k k k k k n n n n n n n n n m m m m m m m m m m m m m m m m m m p j j j j l l l l l l l l l l l l l l l l l l l l l q q q q h h h h h h h o o o o o o o o o o o o o o o o o o o o o o o o o o o e e e
k k k k k n n n n n n n n n n m m m m m m m m m m m m m m m m m p p p p p j l l l l l l l l l l l l l l l l l l l l q q q q q q h h h h h h o o o o o o o o o o o o o o o o o o o o o o o o o o o o o o
k k k k k n n n n n n n n n n m m m m m m m p p m m m m m m m m p p p p p p p p p l l l l l l l l l l l l l l l l l l q q q q q h h h q q h o o o o o o o o o o o o o o o o o o o o o o o o o o o o o o
k k k k k n n n n n n n n p p p m m m p p p p p p p m m m p p p p p p p p p p p p p l l l l l l l l l l l l l l l q q q q q q q q q q q q h o o o o o o o o o o o o o o o o o o o o o o o o o o o o o o
k k k k k n n n n n n n p p p p p p p p p p p p p p p p p p p p p p p p p p p p p p l l l l l l l l l l l l l l q q q q q q q q q q q q q o o o o o o o o o o o o o o o o o o o o o o o o o o o o o o o
k k k k k n n n n n n p p p p p p p p p p p p p p p p p p p p p p p p p p p p p p p p q l l l l l l l l l l l q q q q q q q q q q q q q q q o o o o o o o o o o o o o o o o o o o o o o o o o o o o o o
k k k k k p p p p p p p p p p p p p p p p p p p p p p p p p p p p p p p p p p p p p q q l l l l l l l l q q q q q q q q q q q q q q q q q q q r r r o o o o o o o o o o o o o o o o o o o o o o o o o o
k k k k k p p p p p p p p p p p p p p p p p p p p p p p p p p p p p p p p p p p p p q q q q q q q l l q q q q q q q q q q q q q q q q q q q q r r r r r o o o o o o o o o o o o o o o o o o o o o o o o
k k k k k p p p p p p p p p p p p p p p p p p p p p p p p p p p p p p p p p p p p q q q q q q q q q q q q q q q q q q q q q q q q q q q q q q r r r r r r r o o o o o o o o o o o o o o o o o o o o o o
s s p p p p p p p p p p p p p p p s s p p p p p p p p p p p p s s s p p p p p p p q q q q q q q q q q q q q q q q q q q q q q q q q q q q q q r r r r r r r o o o o o o o o o o o o o o o o o o o o o o
s s s s s s s s p s s p p s s s s s s s p p p p p p p p p p s s s s s p p p p p p p q q q q q q q q q q q q q q q q q q q q q q q q q q q q q r r r r r r r r r o o o o o o o o o o o o o o o o o o o o
s s s s s s s s s s s s s s s s s s s s s s s p s s p p p s s s s s s p s p p p p q q q q q q q q q q q q q q q q q q q q q q q q q q q q q q q r r r r r r r r r r o o o o o o o o o o o o o o o o o o
s s s s s s s s s s s s s s s s s s s s s s s s s s s s s s s s s s s s s s s s q q q q q q q q q q q q q q q q q q q q q q q q q q q q q r r r r r r r r r r r r r r o o o o o o o o o o o o o o o o o
s s s s s s s s s s s s s s s s s s s s s s s s s s s s s s s s s s s s s s s s q q q q q q q q q q q q q q q q q q q q q q q q q q q q q r r r r r r r r r r r r r r r r o o o o o o o o o o o o o o o
s s s s s s s s s s s s s s s s s s s s s s s s s s s s s s s s s s s s s s s s s q q q q q q q q q q q q q q q q q q q q q q q q q q q q r r r r r r r r r r r r r r r r r r o o o o o o o o o o o o o
s s s s s s s s s s s s s s s s s s s s s s s s s s s s s s s s s s s s s s s s s q q q q q q q q q q q q q q q q q q q q q q q q q q q q r r r r r r r r r r r r r r r r r r r r r r r o o o o o o o o
s s s s s s s s s s s s s s s s s s s s s s s s s s s s s s s s s s s s s s s s s q q q q q q q q q q q q q q q q q q q q q q q q q q q r r r r r r r r r r r r r r r r r r r r r r r r r o o o o o o o
s s s s s s s s s s s s s s s s s s s s s s s s s s s s s s s s s s s s s s s q q q q q q q q q q q q q q q q q q q q q q q q q q q q q r r r r r r r r r r r r r r r r r r r r r r r r r o o o o o o o
s s s s s s s s s s s s s s s s s s s s s s s s s s s s s s s s s s s s s s q q q q q q q q q q q q q q q q q q q q q q q q q q q q q q r r r r r r r r r r r r r r r r r r r r r r r r r o o o o o o o
s s s s s s s s s s s s s s s s s s s s s s s s s s s s s s s s s s s s s s q q q q q q q q q q q q q q q q q q q q q q q q q q q q q q q r r r r r r r r r r r r r r r r r r r r r r r r o o o o o o o
s s s s s s s s s s s s s s s s s s s s s s s s s s s s s s s s s s s s s t q q q q q q q q q q q q q q q q q q q q q q q q q q q q q q q r r r r r r r r r r r r r r r r r r r r r r r r o o o o o o o
s s s s s s s s s s s s s s s s s s s s s s s s s s s s s s s s s s s s s t q q q q q q q q q q q q q q q q q q q q q q q q q q q q q q q q r r r r r r r r r r r r r r r r r r r r r r r r o o o o o o
s s s s s s s s s s s s s s s s s s s s s s s s s s s s s s s s s s s s t t q q q q q q q q q q q q q q q q q q q q q q q q q q q q q q q q r r r r r r r r r r r r r r r r r r r r r r r r r o o o o o
s s s s s s s s s s s s s s s s s s s s s s s s s s s s s s s s s s s t t t t q q q q q q q q q q q q q q q q q q q q q q q q q q q q q q q r r r r r r r r r r r r r r r r r r r r r r r r r o o o o o
s s s s s s s s s s s s s s s s s s s s s s s s s s s s s s s s s t t t t t t t t q q q q q q q q q q q q q q q q q q q q q q q q q q q q q r r r r r r r r r r r r r r r r r r r r r r r r r r r o o o
s s s s s s s s s s s s s s s s s s s s s u u s s s u s s s s s s t t t t t t t t q q q q q q q q q q q q q q q q q q q q q q q q q q q q q q q q r r r r r r r r r r r r r r r r r r r r r r r r r o o
s s s s s s s s s s u s s s s s s s s s u u u u s u u u u s s s v t t t t t t t t q q q q q q q q q q q q q q q q q q q q q q q q q q q q q q q q r r r r r r r r r r r r r r r r r r r r r r w w w o o
s s s u u u s s u u u u s s s s s u u u u u u u u u u u u u v v v t t t t t t t t t q q q q q q q q q q q q q q q q q q q q q q q q q q q q q q q q r r r r r r r r r r r r r r r r r r r w w w w w w w
s s s u u u u u u u u u s s s s u u u u u u u u u u u u u u v v v v v t t t t t t t t q q q q q q q q q q q q q q q q q q q q q q q q q q q q q q q q r r r r r r r r r r r w w r r r r w w w w w w w w
s u u u u u u u u u u u u u u u u u u u u u u u u u u u u v v v v v v t t t t t t t t q q q q q q q q q q q q q q q q q q q q q q q q q q q q q q q r r r r r r r r r r r r w w w w w w w w w w w w w w
u u u u u u u u u u u u u u u u u u u u u u u u u u u u u v v v v v t t t t t t t t t t t t t t t q q q q q q q q q q q q q q q q q q q q q q q q q r r r r r r r w r r r w w w w w w w w w w w w w w w
u u u u u u u u u u u u u u u u u u u u u u u u u u u u u v v v v v t t t t t t t t t t t t t t t t t q q q q q q q q q q q q q q q q q q q q q q q r r r r r r w w w w w w w w w w w w w w w w w w w w
u u u u u u u u u u u u u u u u u u u u u u u u u u u u u v v v v v v t t t t t t t t t t t t t t t t q q q q q q q q q q q q q q q q q q q q q q q r r r r r r w w w w w w w w w w w w w w w w w w w w
u u u u u u u u u u u u u u u u u u u u u u u u u u u u u v v v v v t t t t t t t t t t t t t t t t x q q q q q q q q q q q q q q q q q q q q q w w w w r r r w w w w w w w w w w w w w w w w w w w w w
u u u u u u u u u u u u u u u u u u u u u u u u u u u u v v v v v t t t t t t t t t t t t t t t t t x x q q q q q q q q q q q q q q q q q q w w w w w w w r w w w w w w w w w w w w w w w w w w w w w w
u u u u u u u u u u u u u u u u u u u u u u u u u u u u v v v v v t t t t t t t t t t t t t t t t t x x x q q q q q q q q q q q q q q q q w w w w w w w w w w w w w w w w w w w w w w w w w w w w w w w
u u u u u u u u u u u u u u u u u u u u u u u u u u u v v v v v v v t t t t t t t t t t t t t t t x x x x x x q q q q q q q q q q q q w w w w w w w w w w w w w w w w w w w w w w w w w w w w w w w w w
u u u u u u u u u u u u u u u u u u u u u u y y y y v v v v v v v v t t t t t t t t t t t t t t x x x x x x x x q q q q q x x q q q w w w w w w w w w w w w w w w w w w w w w w w w w w w w w w w w w w
u u u u u u u u u u u u u u u u u y u u y y y y y y v v v v v v v t t t t t t t t t t t t t t x x x x x x x x x x x x x x x x x x w w w w w w w w w w w w w w w w w w w w w w w w w w w w w w w w w w w
u u u u u u u u u u u u u u u y y y y y y y y y y v v v v v v v v t t t t t t t t t t t x x x x x x x x x x x x x x x x x x x x x w w w w w w w w w w w w w w w w w w w w w w w w w w w w w w w w w w w
u u u u u u u u u u u u u y y y y y y y y y y y y v v v v v v v v v t t t t t t t t t x x x x x x x x x x x x x x x x x x x x x w w w w w w w w w w w w w w w w w w w w w w w w w w w w w w w w w w w w
u u u u u u u u u u u u u y y y y y y y y y y y v v v v v v v v v v v t t t t t t t x x x x x x x x x x x x x x x x x x x x x x x w w w w w w w w w w w w w w w w w w w w w w w w w w w w w w w w w w w
u u u u u u u u u u u u y y y y y y y y y y y y v v v v v v v v v v v t t t t t t t x x x x x x x x x x x x x x x x x x x x x x x w w w w w w w w w w w w w w w w w w w w w w w w w w w w w w w w w w w
u u u u u u u u u u u u y y y y y y y y y y y y v v v v v v v v v v t t t t t t t x x x x x x x x x x x x x x x x x x x x x x x x x z z z z z z w w w w w w w w w w w w w w w w w w w w w w w w w w w w
u u u u u u u u u u u u y y y y y y y y y y y y y v v v v v v v v v t t t t t t t x x x x x x x x x x x x x x x x x x x x x x x x x z z z z z z z w w w w w w w w w w w w w w w w w w w w w w w w w w w
u u u u u u u u u u u y y y y y y y y y y y y y y v v v v v v v v v t t t t t t x x x x x x x x x x x x x x x x x x x x x x x x x x z z z z z z z w w w w w w w w w w w w w w w w w w w w w w w w w w w
u u u u u u u y y y y y y y y y y y y y y y y y v v v v v v v v v v v t t t t t x x x x x x x x x x x x x x x x x x x x x x x x x x z z z z z z z z z z z z w w w w w w w w w w w w w w w w w w w w w w
u u y y y y y y y y y y y y y y y y y y y y y y v v v v v v v v v v t t t t t t x x x x x x x x x x x x x x x x x x x x x x x x x z z z z z z z z z z z z z z w w w w w w w w w w w w w w w w w w w w w
y y y y y y y y y y y y y y y y y y y y y y y v v v v v v v v v v v t t t t t t x x x x x x x x x x x x x x x x x x x x x x x x x x z z z z z z z z z z z z z w w w w w w w w w w w w w w w w w w w w w
y y y y y y y y y y y y y y y y y y y y y y y v v v v v v v v v v v t t t t t x x x x x x x x x x x x x x x x x x x x x x x x x x x z z z z z z z z z z z z z w w w w w w w w w w w w w w w w w w w w w
y y y y y y y y y y y y y y y y y y y y y y y v v v v v v v v v v v t t t t t x x x x x x x x x x x x x x x x x x x x x x x x x x x z z z z z z z z z z z z z w w w w w w w w w w w w w w w w w w w w w
y y y y y y y y y y y y y y y y y y y y y y y v v v v v v v v v t v t t t t t x x x x x x x x x x x x x x x x x x x x x x x x x x x x z z z z z z z z z z z z w w w w w w w w w w w w w w w w w w w w w
y y y y y y y y y y y y y y y y y y y y y y y v v v v v v v v v t t t t t t x x x x x x x x x x x x x x x x x x x x x x x x x x x x z z z z z z z z z z z z z z z z z z z z w w w w w w w w w w w w w w
y y y y y y y y y y y y y y y y y y y y y y y v v v v v v v v v t t t t t t x x x x x x x x x x x x x x x x x x x x x x x x x x z z z z z z z z z z z z z z z z z z z z z z z z z z z z w w w w w w w w
y y y y y y y y y y y y y y y y y y y y y y y v v v v v v v v v t t t t t t x x x x x x x x x x x x x x x x x x x x x x x x x x x z z z z z z z z z z z z z z z z z z z z z z z z z z z z z w w w w z w
y y y y y y y y y y y y y y y y y y y y y y y v v v v v v v t t t t t t t x x x x x x x x x x x x x x x x x x x x x x x x x x x x z z z z z z z z z z z z z z z z z z z z z z z z z z z z z z z z z z z
y y y y y y y y y y y y y y y y y y y y y y y v v v v v t t t t t t t t t x x x x x x x x x x x x x x x x x x x x x x x x x x x z z z z z z z z z z z z z z z z z z z z z z z z z z z z z z z z z z z z
y y y y y y y y y y y y y y y y y y y y y y y v v v v t t t t t t t t t t x x x x x x x x x x x x x x x x x x x x x x x x x x x z z z z z z z z z z z z z z z z z z z z z z z z z z z z z z z z z z z z
Case #67:
a a a a a a
a a a a a a
Case #68:
a a a a a a a a a a a a a b b b b b b b b b b b b c c c c c c c c c c c d d d d e e e e e e e e e e e e e e f f f f f f f g g g g g g g g g g g g h h h h h h h h h h i i i i i i i i i i i i i i
Case #69:
a a
a a
a a
a a
a a
a b
b b
b b
b b
b b
c c
c c
d c
d e
d e
e e
e e
e e
e e
e f
f f
f f
f f
g h
g g
g g
g g
g g
g g
i g
i g
i g
i g
i i
i i
i i
i i
i j
j j
j j
j j
j k
j k
k k
l l
l l
l l
l l
l l
Case #70:
a a
a a
a a
a a
a a
a a
a a
a a
a a
a a
a b
c d
d d
Case #71:
a a a
a a b
a a b
c c d
c d d
d d d
e d d
e e d
e e e
e e e
f g g
g g g
g g g
g g g
g g h
Case #72:
a a a b b b c c c d d e e e e f f
a a b b b b c c c d e e e e e f f
Case #73:
a a
a a
a a
a a
a a
a a
a a
a a
a a
a a
a a
a a
a a
a a
a a
a a
a a
a a
a a
a a
a a
a a
a a
a a
a a
a a
a a
Case #74:
a
b
b
b
c
c
c
c
d
d
d
d
d
e
e
e
e
f
f
f
Case #75:
a a b c d d d d e f f f f g g g g g h h h h h h i i i i i i i
a a c c c d d d d j f f f g g g g g k h h h h h i i i i i i i
Case #76:
a a a b b b b b
a a a b b b b b
a a a b b b b b
c c c b b b b b
c c c b b b b b
c c c c c c c c
c c c c c c c c
c c c c c c c c
c c c c c d d c
c c c c d d d c
Case #77:
a a a a a
b c a a d
b b a d d
b e f d d
g f f f d
Case #78:
a a a a a a b b b b b
a a a a a b b b b b b
a a a a b b b b b b b
a a a a b b b b b b b
c c c b b b b b b b b
c c c b b b b b b b b
c c c d d d b d d d d
e e e d d d d d d d d
Case #79:
a a a a a a a a a a a a a a a a b b b b b b c c c d d d d d d d d
Case #80:
a a a
a a a
a a a
a a a
a a a
b b c
c c c
c c c
c c c
c c c
c c c
c c c
c c c
c c c
c c c
c c d
d d d
d d d
d d d
d d d
d d d
d d d
d d d
d d d
d d d
d d d
d d d
d d d
d d d
d d d
d d d
d d d
d d d
d d d
d d d
d d d
d d d
d d d
d d d
d d d
d d d
d d d
d d d
d d d
d d d
d d d
d d d
d d d
d d d
d d d
d d d
d d d
d d d
d d d
d d d
d d d
d d d
d d d
d d d
d d d
d d d
d d d
d d d
Case #81:
a a a b b b b b c c c c c c d d d d d d d d d d d d d d d e e e e e e e e f f f f f
Case #82:
a a a a a a a a b b c d d d d d d e e
a a a a a a a a a c c c d d d d e e e
Case #83:
a
a
a
a
b
b
b
Case #84:
a a
a a
a a
a a
a a
b b
b b
c c
c c
d d
d d
d d
d d
d d
e e
e e
e e
e e
e e
Case #85:
a b a
a a a
a a a
c a a
c a a
d d d
e d d
e e e
e e e
e e e
e e e
f f f
f f f
f f f
g g h
g h h
g h h
h h h
i h h
i i h
i i h
i i i
i i i
i i j
j j j
j j j
j j j
k j j
k k j
Case #86:
a a b b c c
a a b b c c
Case #87:
a a a a b b c c
d a a a b b b c
d a a a b b b b
d d a a b b b b
d d d d e b b b
d d d e e e b f
d d g g e f f f
d g g g f f f f
g g g g f f f f
g g g g h h h h
g g g h h h h h
g h h h h h h h
g h h h h h h h
h h h h h h h i
j j j h h h i i
j j j j h i i i
j j j j i i i i
k k j j i i i i
k k k k l i i i
k k k k k i i i
k k k m m m m n
o o m m m m m n
o o m m m m m n
Case #88:
a a a a b b c c c
a a a d d c c c c
a a d d d c c c c
a a e d d d c c c
e e e d d d d d d
e e e d d d d d d
e e d d d d d d d
e e d d d d d d d
e e d d d d d f f
e e d d d d f f f
e g g d d d f f f
e g g g f f f f f
h i g g f f f f f
i i g g f f f f f
i i i g f f f f f
i i i g f f f f f
j j j g f f f f f
j j j j f f f f f
j j j j f f f f f
j j j j j f f f f
j j j j j k l l l
j j j k k k l l l
j m k k n n l l l
m m m n n n l l l
m m m n n n l l l
m m m m n n l l l
o m m m o o o l l
o o o o o o o o o
o o o o o o o o o
o o o o o o o o o
o o o o o o o o o
o o o o o o o o o
o o o o o o o o o
o o o o o o o o o
o o o o o o o o o
Case #89:
a a a a a a a a a a a a a
Case #90:
a a a a a a a a a a a a a a a a a a a a a a a a a a a a a a a a a a a a a a a a a a a a a a a a a a a a a a a a a a a a a a a a a a a a b b b b b b b b b b b b b b b b b b b b b b b b b b b b b b b b
a a a a a a a a a a a a a a a a a a a a a a a a a a a a a a a a a a a a a a a a a a a a a a a a a a a a a a a a a a a a a a a a a a a a a b b b b b b b b b b b b b b b b b b b b b b b b b b b b b b b
a a a a a a a a a a a a a a a a a a a a a a a a a a a a a a a a a a a a a a a a a a a a a a a a a a a a a a a a a a a a a a a a a a a a a b b b b b b b b b b b b b b b b b b b b b b b b b b b b b b b
a a a a a a a a a a a a a a a a a a a a a a a a a a a a a a a a a a a a a a a a a a a a a a a a a a a a a a a a a a a a a a a a a a a a b b b b b b b b b b b b b b b b b b b b b b b b b b b b b b b b
a a a a a a a a a a a a a a a a a a a a a a a a a a a a a a a a a a a a a a a a a a a a a a a a a a a a a a a a a a a a a a a a a a a a b b b b b b b b b b b b b b b b b b b b b b b b b b b b b b b b
a a a a a a a a a a a a a a a a a a a a a a a a a a a a a a a a a a a a a a a a a a a a a a a a a a a a a a a a a a a a a a a a a a a a b b b b b b b b b b b b b b b b b b b b b b b b b b b b b b b b
a a a a a a a a a a a a a a a a a a a a a a a a a a a a a a a a a a a a a a a a a a a a a a a a a a a a a a a a a a a a a a a a a a a a b b b b b b b b b b b b b b b b b b b b b b b b b b b b b b b b
a a a a a a a a a a a a a a a a a a a a a a a a a a a a a a a a a a a a a a a a a a a a a a a a a a a a a a a a a a a a a a a a a a a b b b b b b b b b b b b b b b b b b b b b b b b b b b b b b b b b
a a a a a a a a a a a a a a a a a a a a a a a a a a a a a a a a a a a a a a a a a a a a a a a a a a a a a a a a a a a a a a a a a a b b b b b b b b b b b b b b b b b b b b b b b b b b b b b b b b b b
a a a a a a a a a a a a a a a a a a a a a a a a a a a a a a a a a a a a a a a a a a a a a a a a a a a a a a a a a a a a a a a a a b b b b b b b b b b b b b b b b b b b b b b b b b b b b b b b b b b b
a a a a a a a a a a a a a a a a a a a a a a a a a a a a a a a a a a a a a a a a a a a a a a a a a a a a a a a a a a a a a a a a b b b b b b b b b b b b b b b b b b b b b b b b b b b b b b b b b b b b
a a a a a a a a a a a a a a a a a a a a a a a a a a a a a a a a a a a a a a a a a a a a a a a a a a a a a a a a a a a a a a a b b b b b b b b b b b b b b b b b b b b b b b b b b b b b b b b b b b b b
a a a a a a a a a a a a a a a a a a a a a a a a a a a a a a a a a a a a a a a a a a a a a a a a a a a a a a a a a a a a a b b b b b b b b b b b b b b b b b b b b b b b b b b b b b b b b b b b b b b b
a a a a a a a a a a a a a a a a a a a a a a a a a a a a a a a a a a a a a a a a a a a a a a a a a a a a a a a a a a a a b b b b b b b b b b b b b b b b b b b b b b b b b b b b b b b b b b b b b b b b
a a a a a a a a a a a a a a a a a a a a a a a a a a a a a a a a a a a a a a a a a a a a a a a a a a a a a a a a a a a b b b b b b b b b b b b b b b b b b b b b b b b b b b b b b b b b b b b b b b b b
a a a a a a a a a a a a a a a a a a a a a a a a a a a a a a a a a a a a a a a a a a a a a a a a a a a a c c a a a a b b b b b b b b b b b b b b b b b b b b b b b b b b b b b b b b b b b b b b b b b b
a a a a a a a a a a a a a a a a a a a a a a a a a a a a a a a a a a a a a a a a a a a a a a a a a a a c c c c a a a b b b b b b b b b b b b b b b b b b b b b b b b b b b b b b b b b b b b b b b b b b
a a a a a a a a a a a a a a a a a a a a a a a a a a a a a a a a a a a a a a a a a a a a a a a a a a c c c c c c c c c b b b b b b b b b b b b b b b b b b b b b b b b b b b b b b b b b b b b b b b b b
a a a a a a a a a a a a a a a a a a a a a a a a a a a a a a a a a a a a a a a a a a a a a a a a a c c c c c c c c c c c b b b b b b b b b b b b b b b b b b b b b b b b b b b b b b b b b b b b b b b b
a a a a a a a a a a a a a a a a a a a a a a a a a a a a a a a a a a a a a a a a a a a a a a a a a c c c c c c c c c c c b b b b b b b b b b b b b b b b b b b b b b b b b b b b b b b b b b b b b b b b
a a a a a a a a a a a a a a a a a a a a a a a a a a a a a a a a a a a a a a a a a a a a a a a a a d c c c c c c c c c c c b b b b b b b b b b b b b b b b b b b b b b b b b b b b b b b b b b b b b b b
a a a a a a a a a a a a a a a a a a a a a a a a a a a a a a a a a a a a a a a a a a a a a a d d d d d c c c c c c c c c c c b b b b b b b b b b b b b b b b b b b b b b b b b b b b b b b b b b b b b b
a a a a a a a a a a a a a a a a a a a a a a a a a a a a a a a a a a a a a a a a a a a a a a d d d d d c c c c c c c c c c c b b b b b b b b b b b b b b b b b b b b b b b b b b b b b b b b b b b b b b
a a a a a a a a a a a a a a a a a a a a a a a a a a a a a a a a a a a a a a a a a a a a a a d d d d d d c c c c c c c c c c c b b b b b b b b b b b b b b b b b b b b b b b b b b b b b b b b b b b b b
a a a a a a a a a a a a a a a a a a a a a a a a a a a a a a a a a a a a a a a a a a a a a a d d d d d d d c c c c c c c c c c b b b b b b b b b b b b b b b b b b b b b b b b b b b b b b b b b b b b b
a a a a a a a a a a a a a a a a a a a a a a a a a a a a a a a a a a a a a a a a a a a a a a d d d d d d d d c c c c c c c c c c b b b b b b b b b b b b b b b b b b b b b b b b b b b b b b b b b b b b
a a a a a a a a a a a a a a a a a a a a a a a a a a a a a a a a a a a a a a a a a a a a d d d d d d d d d d d c c c c c c c c c b b b b b b b b b b b b b b b b b b b b b b b b b b b b b b b b b b b b
a a a a a a a a a a a a a a a a a a a a a a a a a a a a a a a a a a a a a a a a a a a d d d d d d d d d d d d d c c c c c c c b b b b c c b b b b b b b b b b b b b b b b b b b b b b b b b b b b b b b
a a a a a a a a a a a a a a a a a a a a a a a a a a a a a a a a a a a a a a a a d d d d d d d d d d d d d d d d c c c c c c c c c c c c c c b b b b b b b b b b b b b b b b b b b b b b b b b b b b b b
a a a a a a a a a a a a a a a a a a a a a a a a a a a a a a a a a a a a a a a a a d d d d d d d d d d d d d d d d c c c c c c c c c c c c c b b b b b b b b b b b b b b b b b b b b b b b b b b b b b b
a a a a a a a a a a a a a a a a a a a a a a a a a a a a a a a a a a a a a a a a d d d d d d d d d d d d d d d d d c c c c c c c c c c c c c b b b b b b b b b b b b b b b b b b b b b b b b b b b b b b
a a a a a a a a a a a a a a a a a a a a a a a a a a a a a a a a a a a e e e a d d d d d d d d d d d d d d d d d d d c c c c c c c c c c c c c c b b b b b b b b b b b b b b b b b b b b b b b b b b b b
a a a a a a a a a a a a a a a a a a a a a a a a a a a a a a a a a a e e e e e d d d d d d d d d d d d d d d d d d d c c c c c c c c c c c c c c c c b b b b b b b b b b b b b b b b b b b b b b b b b b
a a a a a a a a a a a a a a a a a a a a a a a a a a a a a a a a a e e e e e e d d d d d d d d d d d d d d d d d d d c c c c c c c c c c c c c c c c c c b b b b b b b b b b b b b b b b b b b b b b b b
a a a a a a a a a a a a a a a a a a a a a a a a a a a a a a a a e e e e e e e d d d d d d d d d d d d d d d d d d d c c c c c c c c c c c c c c c c c c c c b b b b b b b b b b b b b b b b b b b b b b
a a a a a a a a a a a a a a a a a a a a e a a a a a a a e e a e e e e e e e e d d d d d d d d d d d d d d d d d d d d d d c c c c c c c c c c c c c c c c c b b b b b b b b b b b b b b b b b b b b b b
a a a a a a a a a a a a a a a a a a a e e e a a a e e e e e e e e e e e e e e e e d d d d d d d d d d d d d d d d d d d d c c c c c c c c c c c c c c c c c c c c b b b b b b b b b b b b b b b b b b b
a a a a a a a a a a a a a a a a a a e e e e e a e e e e e e e e e e e e e e e e e e d d d d d d d d d d d d d d d d d d d d c c c c c c c c c c c c c c c c c c c b b b b b b b b b b b b b b b b b b b
a a a a a a a a a a a a a a a a e e e e e e e e e e e e e e e e e e e e e e e e e e d d d d d d d d d d d d d d d d d d d d d c c c c c c c c c c c c c c c c c c b b b b b b b b b b b b b b b b b b b
a a a a a a a a a a a a a a a e e e e e e e e e e e e e e e e e e e e e e e e e e d d d d d d d d d d d d d d d d d d d d d d c c c c c c c c c c c c c c c c c c c b b b b b b b b b b b b b b b b b b
a a a a a a a f f f a a a a a a e e e e e e e e e e e e e e e e e e e e e e e e e e d d d d d d d d d d d d d d d d d d d d d c c c c c c c c c c c c c c c c c c c c b b b b b b b b b b b b b b b b b
a f a a a a f f f f f a a a a e e e e e e e e e e e e e e e e e e e e e e e e e e e d d d d d d d d d d d d d d d d d d d d d d c c c c c c c c c c c c c c c c c c c b b b b b b b b b b b b b b b b b
f f f f f a f f f f f e e e e e e e e e e e e e e e e e e e e e e e e e e e e e e e d d d d d d d d d d d d d d d d d d d d d d d c c c c c c c c c c c c c c c c c c c b b b b b b b b b b b b b b b b
f f f f f f f f f f f f e e e e e e e e e e e e e e e e e e e e e e e e e e e e e e e d d d d d d d d d d d d d d d d d d d d d d d c c c c c c c c c c c c c c c c c c c b b b b b b b b b b b b b b b
f f f f f f f f f f f f e e e e e e e e e e e e e e e e e e e e e e e e e e e e e e e d d d d d d d d d d d d d d d d d d d d d d c c c c c c c c c c c c c c c c c c c c c b b b b b b b b b b b b b b
f f f f f f f f f f f f e e e e e e e e e e e e e e e e e e e e e e e e e e e e e e e d d d d d d d d d d d d d d d d d d d d d d c c c c c c c c c c c c c c c c c c c c c b b b b b b b b b b b b b b
f f f f f f f f f f f f f e e e e e e e e e e e e e e e e e e e e e e e e e e e e e e d d d d d d d d d d d d d d d d d d d d d d d c c c c c c c c c c c c c c c c c c c c g g b b b b g g g g b b b b
f f f f f f f f f f f f f e e e e e e e e e e e e e e e e e e e e e e e e e e e e e e d d d d d d d d d d d d d d d d d d d d d d d d h h h h h h c c c c c c c c c c c c c g g g g g g g g g g g g b g
f f f f f f f f f f f f f f f f e e e e e e e e e e e e e e e e e e e e e e e e e e e e d d d d d d d d d d d d d d d d d d d d d d d h h h h h h h h h h c c c c c c c c c g g g g g g g g g g g g g g
f f f f f f f f f f f f f f f f f e e e e e e e e e e e e e e e e e e e e e e e e e e e e d d d d d d d d d d d d d d d d d d d d d d d h h h h h h h h h h h h h h c c h g g g g g g g g g g g g g g g
f f f f f f f f f f f f f f f f f f e e e e e e e e e e e e e e e e e e e e e e e e e e e e e d d d d d d d d d d d d d d d d d d d d d h h h h h h h h h h h h h h h h h h g g g g g g g g g g g g g g
f f f f f f f f f f f f f f f f f e e e e e e e e e e e e e e e e e e e e e e e e e e e e e e d d d d d d d d d d d d d d d d d d d d d d h h h h h h h h h h h h h h h h g g g g g g g g g g g g g g g
f f f f f f f f f f f f f f f f f e e e e e e e e e e e e e e e e e e e e e e e e e e e e e e d d d d d d d d d d d d d d d d d d d d d d h h h h h h h h h h h h h h h g g g g g g g g g g g g g g g g
f f f f f f f f f f f f f f f f f e e e e e e e e e e e e e e e e e e e e e e e e e e e e e e d d d d d d d d d d d d d d d d d d d d d d h h h h h h h h h h h h h g g g g g g g g g g g g g g g g g g
f f f f f f f f f f f f f f f f e e e e e e e e e e e e e e e e e e e e e e e e e e e e e e e d d d d d d d d d d d d d d d d d d d d d d h h h h h h h h h h h h h h g g g g g g g g g g g g g g g g g
f f f f f f f f f f f f f f f f f f e e e e e e e e e e e e e e e e e e e e e e e e e e e e e e d d d d d d d d d d d d d d d d d d d d d h h h h h h h h h h h h h h h g g g g g g g g g g g g g g g g
f f f f f f f f f f f f f f f f f f f f f e e e e e e e e e e e e e e e e e e e e e e e e e e e d d d d d d d d d d d d d d d d d d d d d d h h h h h h h h h h h h h g g g g g g g g g g g g g g g g g
f f f f f f f f f f f f f f f f f f f f f f e e e e e e e e e e e e e e e e e e e e e e e e e e e d d d d d d d d d d d d d d d d d d d d h h h h h h h h h h h h h h g g g g g g g g g g g g g g g g g
f f f f f f f f f f f f f f f f f f f f f f f e e e e e e e e e e e e e e e e e e e e e e e e e e e d d d d d d d d d d d d d d d d d d d h h h h h h h h h h h h h h g g g g g g g g g g g g g g g g g
f f f f f f f f f f f f f f f f f f f f f f f e e e e e e e e e e e e e e e e e e e e e e e e e e e e d d d d d d d d d d d d d d d d d d h h h h h h h h h h h h h g g g g g g g g g g g g g g g g g g
f f f f f f f f f f f f f f f f f f f f f f e e e e e e e e e e e e e e e e e e e e e e e e e e e e e e d d d d d d d d d d d d d d d d d h h h h h h h h h h h h h g g g g g g g g g g g g g g g g g g
f f f f f f f f f f f f f f f f f f f f f f e e e e e e e e e e e e e e e e e e e e e e e e e e e e e e d d d d d d d d d d d d d d d d d h h h h h h h h h h h h h g g g g g g g g g g g g g g g g g g
f f f f f f f f f f f f f f f f f f f f f f f e e e e e e e e e e e e e e e e e e e e e e e e e e e e e e d d d d d d d d d d d d d d d h h h h h h h h h h h h h h i g g g g g g g g g g g g g g i g g
f f f f f f f f f f f f f f f f f f f f f f f e e e e e e e e e e e e e e e e e e e e e e e e e e e e e d d d d d d d d d d d d d d d d h h h h h h h h h i i i i i i i g g g g g g g g g g i i i i i i
f f f f f f f f f f f f f f f f f f f f f f f f e e e e e e e e e e e e e e e e e e e e e e e e e e e e e d d d d d d d d d d d d d d d h h h h h h h h i i i i i i i i g g g g i i g g i i i i i i i i
f f f f f f f f f f f f f f f f f f f f f f f f f e e e e e e e e e e e e e e e e e e e e e e e e e e e e e d d d d d d d d d d d d d d j j j h h h h i i i i i i i i i i i i i i i i i i i i i i i i i
f f f f f f f f f f f f f f f f f f f f f f f f f e e e e e e e e e e e e e e e e e e e e e e e e e e e e e d d d d d d d d d d d d d d j j j j j j j j i i i i i i i i i i i i i i i i i i i i i i i i
f f f f f f f f f f f f f f f f f f f f f f f f f e e e e e e e e e e e e e e e e e e e e e e e e e e e e e d d d d d d d d d d d d d d j j j j j j j j j j i i i i i i i i i i i i i i i i i i i i i i
f f f f f f f f f f f f f f f f f f f f f f f f f e e e e e e e e e e e e e e e e e e e e e e e e e e e e e d d d d d d d d d j d d j j j j j j j j j j j j j i i i i i i i i i i i i i i i i i i i i i
f f f f f f f f f f f f f f f f f f f f f f f f f f e e e e e e e e e e e e e e e e e e e e e e e e e e e e e e e d d d d d d j j j j j j j j j j j j j j j j i i i i i i i i i i i i i i i i i i i i i
f f f f f f f f f f f f f f f f f f f f f f f f f f e e e e e e e e e e e e e e e e e e e e e e e e e e e e e e d d d d d d j j j j j j j j j j j j j j j j j i i i i i i i i i i i i i i i i i i i i i
f f f f f f f f f f f f f f f f f f f f f f f f f f f e e e e e e e e e e e e e e e e e e e e e e e e e e e e j j j d j j j j j j j j j j j j j j j j j j j j i i i i i i i i i i i i i i i i i i i i i
f f f f f f f f f f f f f f f f f f f f f f f f f f f f f e e e e e e e e e e e e e e e e e e e e e e e e e e j j j j j j j j j j j j j j j j j j j j j j j j i i i i i i i i i i i i i i i i i i i i i
f f f f f f f f f f f f f f f f f f f f f f f f f f f f f f e e e e e e e e e e e e e e e e e e e e e e e e e j j j j j j j j j j j j j j j j j j j j j j j j j i i i i i i i i i i i i i i i i i i i i
f f f f f f f f f f f f f f f f f f f f f f f f f f f f f f e e e e e e e e e e e e e e e e e e e e e e e e e j j j j j j j j j j j j j j j j j j j j j j j j j i i i i i i i i i i i i i i i i i i i i
f f f f f f f f f f f f f f f f f f f f f f f f f f f f f f e e e e e e e e e e e e e e e e e e e e e e e e j j j j j j j j j j j j j j j j j j j j j j j j j j j i i i i i i i i i i i i i i i i i i i
f f f f f f f f f f f f f f f f f f f f f f f f f f f f f f e e e e e e e e e e e e e e e e e e e e e e e j j j j j j j j j j j j j j j j j j j j j j j j j j j j i i i i i i i i i i i i i i i i i i i
f f f f f f f f f f f f f f f f f f f f f f f f f f f f f f f e e e e e e e e e e e e e e e e e e e e e e j j j j j j j j j j j j j j j j j j j j j j j j j j j j i i i i i i i i i i i i i i i i i i i
f f f f f f f f f f f f f f f f f f f f f f f f f f f f f f f e e e e e e e e e e e e e e e e e e e e e j j j j j j j j j j j j j j j j j j j j j j j j j j j j j i i i i i i i i i i i i i i i i i i i
f f f f f f f f f f f f f f f f f f f f f f f f f f f f f f f f e e e e e e e e e e e e e e e j j j j j j j j j j j j j j j j j j j j j j j j j j j j j j j j j i i i i i i i i i i i i i i i i i i i i
f f f f f f f f f f f f f f f f f f f f f f f f f f f f f f f f f e e e e e e e e e e e e e e j j j j j j j j j j j j j j j j j j j j j j j j j j j j j j j j i i i i i i i i i i i i i i i i i i i i i
f f f f f f f f f f f f f f f f f f f f f f f f f f f f f f f f f f e e e e e e e e e e e e e j j j j j j j j j j j j j j j j j j j j j j j j j j j j j j j i i i i i i i i i i i i i i i i i i i i i i
f f f f f f f f f f f f f f f f f f f f f f f f f f f f f f f f f f f e e e e e e e e e e e j j j j j j j j j j j j j j j j j j j j j j j j j j j j j j j j i i i i i i i i i i i i i i i i i i i i i i
f f f f f f f f f f f f f f f f f f f f f f f f f f f f f f f f f f f f e e e e e e e e e e j j j j j j j j j j j j j j k k k k j j j j j j j j j j j j j j j j i i i i i i i i i i i i i i i i i i i i
f f f f f f f f f f f f f f f f f f f f f f f f f f f f f f f f f f f f e e e e e e e e e e j j j j j j j j j k k k k k k k k k k k k j j j j j j j j j j j j j j i i i i i i i i i i i i i i i i i i i
f f f f f f f f f f f f f f f f f f f f f f f f f f f f f f f f f f f f f e e e e e e e e e e j j j j j j j k k k k k k k k k k k k k k k j j j j j j j j j j j j i i i i i i i i i i i i i i i i i i i
f f f f f f f f f f f f f f f f f f f f f f f f f f f f f f f f f f f f f f e e e e e e e e j j j j j j j k k k k k k k k k k k k k k k k k j j j j j j j j j j j j i i i i i i i i i i i i i i i i i i
f f f f f f f f f f f f f f f f f f f f f f f f f f f f f f f f f f f f f f e e e e e e e j j j j j j j j k k k k k k k k k k k k k k k k k k k k k k k k j j j j j j l i i i i i i i i i i i i i i i i
f f f f f f f f f f f f f f f f f f f f f f f f f f f f f f f f f f f f f f f e e e e e e j j j j j j j j k k k k k k k k k k k k k k k k k k k k k k k k k k k k l l l l l l l i i i i i i i i i i i i
f f f f f f f f f f f f f f f f f f f f f f f f f f f f f f f f f f f f f f f f e e e e e j j j j j j j j k k k k k k k k k k k k k k k k k k k k k k k k k k k k l l l l l l l l i i i i i i i i i i i
f f f f f f f f f f f f f f f f f f f f f f f f f f f f f f f f f f f f f f f f f e e e e e j j j j j j k k k k k k k k k k k k k k k k k k k k k k k k k k k k k l l l l l l l l l l l l l i i i i i i
f f f f f f f f f f f f f f f f f f f f f f f f f f f f f f f f f f f f f f f f f f e e e e e j j j k k k k k k k k k k k k k k k k k k k k k k k k k k k k l l l l l l l l l l l l l l l l l i i i i i
f f f f f f f f f f f f f f f f f f f f f f f f f f f f f f f f f f f f f f f f f f e e e e e j j j k k k k k k k k k k k k k k k k k k k k k k k k k k l l l l l l l l l l l l l l l l l l l l i i i i
f f f f f f f f f f f f f f f f f f f f f f f f f f f f f f f f f f f f f f f f f f e e e e e j j k k k k k k k k k k k k k k k k k k k k k k k l l l l l l l l l l l l l l l l l l l l l l l l i i i i
f f f f f f f f f f f f f f f f f f f f f f f f f f f f f f f f f f f f f f f f f f e e e k k k k k k k k k k k k k k k k k k k k k k k k k k l l l l l l l l l l l l l l l l l l l l l l l l l i i i i
f f f f f f f f f f f f f f f f f f f f f f f f f f f f f f f f f f f f f f f f f f e e k k k k k k k k k k k k k k k k k k k k k k k k k k l l l l l l l l l l l l l l l l l l l l l l l l l l l l i i
f f f f f f f f f f f f f f f f f f f f f f f f f f f f f f f f f f f f f f f f f f f f f k k k k k k k k k k k k k k k k k k k k k k k k l l l l l l l l l l l l l l l l l l l l l l l l l l l l l l i
f f f f f f f f f f f f f f f f f f f f f f f f f f f f f f f f f f f f f f f f f f f f f k k k k k k k k k k k k k k k k k k k k k k l l l l l l l l l l l l l l l l l l l l l l l l l l l l l l l l i
f f f f f f f f f f f f f f f f f f f f f f f f f f f f f f f f f f f f f f f f f f f f f k k k k k k k k k k k k k k k k k k k k k k l l l l l l l l l l l l l l l l l l l l l l l l l l l l l l l l i
f f f f f f f f f f f f f f f f f f f f f f f f f f f f f f f f f f f f f f f f f f f f f k k k k k k k k k k k k k k k k k k k k k k k l l l l l l l l l l l l l l l l l l l l l l l l l l l l l l l l
Case #91:
a b c d e f g h i j k l m
n o p q r s t u v w x y z
Case #92:
a a a a b b b b b b b b b b b b b b c c c d d d e e e e e f f f f f f f f f g g g g g g h h h h h h h i i j j j j j j j j j j j j j j
Case #93:
a a a a a a a b
c a a a a a a b
c c a a a a a a
c d d d d a a a
c d d d d e e e
e e d e e e e e
e e e e e e e e
e e e e e e e e
f f f f f f e e
g f f f f f f f
g g f f f f f f
g g f f f f f f
g g f f f f f f
g f f f f f f f
g f f f f f f f
Case #94:
a a a a a a a a b b b b c c b b b b b b d d d d e e e e e e e
a a a a a a a a b b b b b b b b b b b b d d d d f f e e e g g
h h h h a a a a b b b b b b b b b b b d d d d d f f f e e g g
Case #95:
a a a
a b a
b b b
b b b
b b b
c c c
d c e
e e e
Case #96:
a a a a a b b b b b c d d d d d d d d e e f f f f f f f g g g h i i i i i j j j j j k k l m m m m m m m m m n n n n n n n n n n o o p p p p
a a a a a b b b b b c d d d d d d d d d e f f f f f f f f g g h h i i i i j j j j k k k k m m m m m m m m m n n n n n n n n n n n n n n p p
Case #97:
a a a a a a a a
a a a a a a a a
a a a a a a a a
a a a a a a b b
c a a a d d b e
c c f g g h h h
c f f g g h h h
f f f f g h h h
f f f f h h h h
f f f f h h h h
i i f j h h h h
i i j j j h h h
i i j j j j j j
i i j j j j j j
i j j j j j j j
j j j j j j j j
j j j j j j k k
j l j j j j j j
l l l j j j j m
l l l l j j m m
l l l l l m m m
l l l l l m m m
l l l l l m m m
l l l l l m m m
Case #98:
a a a a a a a a a a
a a a a a a a a a a
a a a a a a a a a a
a a a a a a a a a a
Case #99:
a a a a a
b c a a d
b b e d d
b f e d d
g e e e d
Case #100:
a a a a a a a
b a a a a a a
b b a a a c c
b b d a e e f
g g g e e e e
